<?xml version="1.0" encoding="UTF-8"?>
<testsuite xmlns:xsi="http://www.w3.org/2001/XMLSchema-instance" xsi:noNamespaceSchemaLocation="https://maven.apache.org/surefire/maven-surefire-plugin/xsd/surefire-test-report.xsd" name="org.example.runners.TestRunner" time="199.844" tests="19" errors="0" skipped="0" failures="4">
  <properties>
[...]
</properties>
  <testcase name="runScenario" classname="org.example.runners.TestRunner" time="25.379">
    <failure message="no such element: Unable to locate element: {&quot;method&quot;:&quot;xpath&quot;,&quot;selector&quot;:&quot;//*[@class=&apos;result&apos;]&quot;}&#10;  (Session info: chrome=103.0.5060.134)&#10;For documentation on this error, please visit: https://selenium.dev/exceptions/#no_such_element&#10;Build info: version: &apos;4.1.4&apos;, revision: &apos;535d840ee2&apos;&#10;System info: host: &apos;DESKTOP-N4RDRK4&apos;, ip: &apos;192.168.100.7&apos;, os.name: &apos;Windows 10&apos;, os.arch: &apos;amd64&apos;, os.version: &apos;10.0&apos;, java.version: &apos;1.8.0_321&apos;&#10;Driver info: org.openqa.selenium.chrome.ChromeDriver&#10;Command: [b28cacce8074bef1e7be9020c1b61168, findElement {using=xpath, value=//*[@class=&apos;result&apos;]}]&#10;Capabilities {acceptInsecureCerts: false, browserName: chrome, browserVersion: 103.0.5060.134, chrome: {chromedriverVersion: 103.0.5060.134 (8ec6fce403b..., userDataDir: C:\Users\MohD_\AppData\Loca...}, goog:chromeOptions: {debuggerAddress: localhost:56673}, javascriptEnabled: true, networkConnectionEnabled: false, pageLoadStrategy: normal, platform: WINDOWS, platformName: WINDOWS, proxy: Proxy(), se:cdp: ws://localhost:56673/devtoo..., se:cdpVersion: 103.0.5060.134, setWindowRect: true, strictFileInteractability: false, timeouts: {implicit: 0, pageLoad: 300000, script: 30000}, unhandledPromptBehavior: dismiss and notify, webauthn:extension:credBlob: true, webauthn:extension:largeBlob: true, webauthn:virtualAuthenticators: true}&#10;Session ID: b28cacce8074bef1e7be9020c1b61168" type="org.openqa.selenium.NoSuchElementException">org.openqa.selenium.NoSuchElementException: 
no such element: Unable to locate element: {"method":"xpath","selector":"//*[@class='result']"}
  (Session info: chrome=103.0.5060.134)
For documentation on this error, please visit: https://selenium.dev/exceptions/#no_such_element
Build info: version: '4.1.4', revision: '535d840ee2'
System info: host: 'DESKTOP-N4RDRK4', ip: '192.168.100.7', os.name: 'Windows 10', os.arch: 'amd64', os.version: '10.0', java.version: '1.8.0_321'
Driver info: org.openqa.selenium.chrome.ChromeDriver
Command: [b28cacce8074bef1e7be9020c1b61168, findElement {using=xpath, value=//*[@class='result']}]
Capabilities {acceptInsecureCerts: false, browserName: chrome, browserVersion: 103.0.5060.134, chrome: {chromedriverVersion: 103.0.5060.134 (8ec6fce403b..., userDataDir: C:\Users\MohD_\AppData\Loca...}, goog:chromeOptions: {debuggerAddress: localhost:56673}, javascriptEnabled: true, networkConnectionEnabled: false, pageLoadStrategy: normal, platform: WINDOWS, platformName: WINDOWS, proxy: Proxy(), se:cdp: ws://localhost:56673/devtoo..., se:cdpVersion: 103.0.5060.134, setWindowRect: true, strictFileInteractability: false, timeouts: {implicit: 0, pageLoad: 300000, script: 30000}, unhandledPromptBehavior: dismiss and notify, webauthn:extension:credBlob: true, webauthn:extension:largeBlob: true, webauthn:virtualAuthenticators: true}
Session ID: b28cacce8074bef1e7be9020c1b61168
</failure>
    <system-err><![CDATA[SLF4J: Failed to load class "org.slf4j.impl.StaticLoggerBinder".
SLF4J: Defaulting to no-operation (NOP) logger implementation
SLF4J: See http://www.slf4j.org/codes.html#StaticLoggerBinder for further details.
Starting ChromeDriver 103.0.5060.134 (8ec6fce403b3feb0869b0732eda8bd95011d333c-refs/branch-heads/5060@{#1262}) on port 62152
Only local connections are allowed.
Please see https://chromedriver.chromium.org/security-considerations for suggestions on keeping ChromeDriver safe.
ChromeDriver was started successfully.
Jul 30, 2022 8:40:56 PM org.openqa.selenium.remote.ProtocolHandshake createSession
INFO: Detected dialect: W3C
Jul 30, 2022 8:40:56 PM org.openqa.selenium.devtools.CdpVersionFinder findNearestMatch
WARNING: Unable to find an exact match for CDP version 103, so returning the closest version found: 101
Jul 30, 2022 8:40:56 PM org.openqa.selenium.devtools.CdpVersionFinder findNearestMatch
INFO: Found CDP implementation for version 103 of 101
]]></system-err>
  </testcase>
  <testcase name="runScenario" classname="org.example.runners.TestRunner" time="12.694"/>
  <testcase name="runScenario" classname="org.example.runners.TestRunner" time="10.645"/>
  <testcase name="runScenario" classname="org.example.runners.TestRunner" time="8.622"/>
  <testcase name="runScenario" classname="org.example.runners.TestRunner" time="8.242"/>
  <testcase name="runScenario" classname="org.example.runners.TestRunner" time="9.595"/>
  <testcase name="runScenario" classname="org.example.runners.TestRunner" time="10.451"/>
  <testcase name="runScenario" classname="org.example.runners.TestRunner" time="9.639"/>
  <testcase name="runScenario" classname="org.example.runners.TestRunner" time="10.868"/>
  <testcase name="runScenario" classname="org.example.runners.TestRunner" time="11.447"/>
  <testcase name="runScenario" classname="org.example.runners.TestRunner" time="10.313"/>
  <testcase name="runScenario" classname="org.example.runners.TestRunner" time="7.706">
    <failure message="expected [true] but found [false]" type="java.lang.AssertionError">java.lang.AssertionError: expected [true] but found [false]
</failure>
    <system-err><![CDATA[Starting ChromeDriver 103.0.5060.134 (8ec6fce403b3feb0869b0732eda8bd95011d333c-refs/branch-heads/5060@{#1262}) on port 64326
Only local connections are allowed.
Please see https://chromedriver.chromium.org/security-considerations for suggestions on keeping ChromeDriver safe.
ChromeDriver was started successfully.
Jul 30, 2022 8:43:02 PM org.openqa.selenium.remote.ProtocolHandshake createSession
INFO: Detected dialect: W3C
Jul 30, 2022 8:43:02 PM org.openqa.selenium.devtools.CdpVersionFinder findNearestMatch
WARNING: Unable to find an exact match for CDP version 103, so returning the closest version found: 101
Jul 30, 2022 8:43:02 PM org.openqa.selenium.devtools.CdpVersionFinder findNearestMatch
INFO: Found CDP implementation for version 103 of 101
]]></system-err>
  </testcase>
  <testcase name="runScenario" classname="org.example.runners.TestRunner" time="15.93">
    <failure message="Expected condition failed: waiting for url to contain &quot;https://demo.nopcommerce.com/iphone-6&quot;. Current url: &quot;https://demo.nopcommerce.com/&quot; (tried for 5 second(s) with 500 milliseconds interval)&#10;Build info: version: &apos;4.1.4&apos;, revision: &apos;535d840ee2&apos;&#10;System info: host: &apos;DESKTOP-N4RDRK4&apos;, ip: &apos;192.168.100.7&apos;, os.name: &apos;Windows 10&apos;, os.arch: &apos;amd64&apos;, os.version: &apos;10.0&apos;, java.version: &apos;1.8.0_321&apos;&#10;Driver info: org.openqa.selenium.chrome.ChromeDriver&#10;Capabilities {acceptInsecureCerts: false, browserName: chrome, browserVersion: 103.0.5060.134, chrome: {chromedriverVersion: 103.0.5060.134 (8ec6fce403b..., userDataDir: C:\Users\MohD_\AppData\Loca...}, goog:chromeOptions: {debuggerAddress: localhost:56892}, javascriptEnabled: true, networkConnectionEnabled: false, pageLoadStrategy: normal, platform: WINDOWS, platformName: WINDOWS, proxy: Proxy(), se:cdp: ws://localhost:56892/devtoo..., se:cdpVersion: 103.0.5060.134, setWindowRect: true, strictFileInteractability: false, timeouts: {implicit: 0, pageLoad: 300000, script: 30000}, unhandledPromptBehavior: dismiss and notify, webauthn:extension:credBlob: true, webauthn:extension:largeBlob: true, webauthn:virtualAuthenticators: true}&#10;Session ID: 9a2b0912f57ffcefc304e97abd850896" type="org.openqa.selenium.TimeoutException">org.openqa.selenium.TimeoutException: 
Expected condition failed: waiting for url to contain "https://demo.nopcommerce.com/iphone-6". Current url: "https://demo.nopcommerce.com/" (tried for 5 second(s) with 500 milliseconds interval)
Build info: version: '4.1.4', revision: '535d840ee2'
System info: host: 'DESKTOP-N4RDRK4', ip: '192.168.100.7', os.name: 'Windows 10', os.arch: 'amd64', os.version: '10.0', java.version: '1.8.0_321'
Driver info: org.openqa.selenium.chrome.ChromeDriver
Capabilities {acceptInsecureCerts: false, browserName: chrome, browserVersion: 103.0.5060.134, chrome: {chromedriverVersion: 103.0.5060.134 (8ec6fce403b..., userDataDir: C:\Users\MohD_\AppData\Loca...}, goog:chromeOptions: {debuggerAddress: localhost:56892}, javascriptEnabled: true, networkConnectionEnabled: false, pageLoadStrategy: normal, platform: WINDOWS, platformName: WINDOWS, proxy: Proxy(), se:cdp: ws://localhost:56892/devtoo..., se:cdpVersion: 103.0.5060.134, setWindowRect: true, strictFileInteractability: false, timeouts: {implicit: 0, pageLoad: 300000, script: 30000}, unhandledPromptBehavior: dismiss and notify, webauthn:extension:credBlob: true, webauthn:extension:largeBlob: true, webauthn:virtualAuthenticators: true}
Session ID: 9a2b0912f57ffcefc304e97abd850896
</failure>
    <system-out><![CDATA[ &amp#27;[32mWhen &amp#27;[0m&amp#27;[32mguest user enters search keyword "&amp#27;[0m&amp#27;[32m&amp#27;[1mlaptop&amp#27;[0m&amp#27;[32m"&amp#27;[0m                                          &amp#27;[90m# org.example.stepDefinitions.TC04_searchStepDefinition.guest_user_enters_search_keyword(java.lang.String)&amp#27;[0m
  &amp#27;[32mAnd &amp#27;[0m&amp#27;[32mguest user hits enter to search&amp#27;[0m                                                     &amp#27;[90m# org.example.stepDefinitions.TC04_searchStepDefinition.guest_user_hits_enter_to_search()&amp#27;[0m
  &amp#27;[32mThen &amp#27;[0m&amp#27;[32msearch results are displayed for user with "&amp#27;[0m&amp#27;[32m&amp#27;[1mlaptop&amp#27;[0m&amp#27;[32m"&amp#27;[0m                                &amp#27;[90m# org.example.stepDefinitions.TC04_searchStepDefinition.search_results_displayed(java.lang.String)&amp#27;[0m

@smoke
Scenario Outline: guest user searches for a product keyword and view results successfully &amp#27;[90m# src/main/resources/features/TS04_searchFeature.feature:13&amp#27;[0m
  &amp#27;[32mGiven &amp#27;[0m&amp#27;[32mguest user clicks on search tab&amp#27;[0m                                                   &amp#27;[90m# org.example.stepDefinitions.TC04_searchStepDefinition.guest_user_clicks_on_search()&amp#27;[0m
  &amp#27;[32mWhen &amp#27;[0m&amp#27;[32mguest user enters search keyword "&amp#27;[0m&amp#27;[32m&amp#27;[1mnike&amp#27;[0m&amp#27;[32m"&amp#27;[0m                                            &amp#27;[90m# org.example.stepDefinitions.TC04_searchStepDefinition.guest_user_enters_search_keyword(java.lang.String)&amp#27;[0m
  &amp#27;[32mAnd &amp#27;[0m&amp#27;[32mguest user hits enter to search&amp#27;[0m                                                     &amp#27;[90m# org.example.stepDefinitions.TC04_searchStepDefinition.guest_user_hits_enter_to_search()&amp#27;[0m
  &amp#27;[32mThen &amp#27;[0m&amp#27;[32msearch results are displayed for user with "&amp#27;[0m&amp#27;[32m&amp#27;[1mnike&amp#27;[0m&amp#27;[32m"&amp#27;[0m                                  &amp#27;[90m# org.example.stepDefinitions.TC04_searchStepDefinition.search_results_displayed(java.lang.String)&amp#27;[0m

@smoke
Scenario Outline: guest user searches with sku and view results successfully &amp#27;[90m# src/main/resources/features/TS04_searchFeature.feature:23&amp#27;[0m
  &amp#27;[32mGiven &amp#27;[0m&amp#27;[32mguest user clicks on search tab&amp#27;[0m                                      &amp#27;[90m# org.example.stepDefinitions.TC04_searchStepDefinition.guest_user_clicks_on_search()&amp#27;[0m
  &amp#27;[32mWhen &amp#27;[0m&amp#27;[32mguest user enters search sku "&amp#27;[0m&amp#27;[32m&amp#27;[1mSCI_FAITH&amp#27;[0m&amp#27;[32m"&amp#27;[0m                              &amp#27;[90m# org.example.stepDefinitions.TC04_searchStepDefinition.guest_user_enters_search_sku(java.lang.String)&amp#27;[0m
  &amp#27;[32mAnd &amp#27;[0m&amp#27;[32mguest user hits enter to search&amp#27;[0m                                        &amp#27;[90m# org.example.stepDefinitions.TC04_searchStepDefinition.guest_user_hits_enter_to_search()&amp#27;[0m
  &amp#27;[32mThen &amp#27;[0m&amp#27;[32mguest user clicks on item to view details&amp#27;[0m                             &amp#27;[90m# org.example.stepDefinitions.TC04_searchStepDefinition.user_clicks_on_item_view_details()&amp#27;[0m
  &amp#27;[32mAnd &amp#27;[0m&amp#27;[32mproduct sku matches selected "&amp#27;[0m&amp#27;[32m&amp#27;[1mSCI_FAITH&amp#27;[0m&amp#27;[32m"&amp#27;[0m                               &amp#27;[90m# org.example.stepDefinitions.TC04_searchStepDefinition.product_sku_matches_selected_sku(java.lang.String)&amp#27;[0m

@smoke
Scenario Outline: guest user searches with sku and view results successfully &amp#27;[90m# src/main/resources/features/TS04_searchFeature.feature:24&amp#27;[0m
  &amp#27;[32mGiven &amp#27;[0m&amp#27;[32mguest user clicks on search tab&amp#27;[0m                                      &amp#27;[90m# org.example.stepDefinitions.TC04_searchStepDefinition.guest_user_clicks_on_search()&amp#27;[0m
  &amp#27;[32mWhen &amp#27;[0m&amp#27;[32mguest user enters search sku "&amp#27;[0m&amp#27;[32m&amp#27;[1mAPPLE_CAM&amp#27;[0m&amp#27;[32m"&amp#27;[0m                              &amp#27;[90m# org.example.stepDefinitions.TC04_searchStepDefinition.guest_user_enters_search_sku(java.lang.String)&amp#27;[0m
  &amp#27;[32mAnd &amp#27;[0m&amp#27;[32mguest user hits enter to search&amp#27;[0m                                        &amp#27;[90m# org.example.stepDefinitions.TC04_searchStepDefinition.guest_user_hits_enter_to_search()&amp#27;[0m
  &amp#27;[32mThen &amp#27;[0m&amp#27;[32mguest user clicks on item to view details&amp#27;[0m                             &amp#27;[90m# org.example.stepDefinitions.TC04_searchStepDefinition.user_clicks_on_item_view_details()&amp#27;[0m
  &amp#27;[32mAnd &amp#27;[0m&amp#27;[32mproduct sku matches selected "&amp#27;[0m&amp#27;[32m&amp#27;[1mAPPLE_CAM&amp#27;[0m&amp#27;[32m"&amp#27;[0m                               &amp#27;[90m# org.example.stepDefinitions.TC04_searchStepDefinition.product_sku_matches_selected_sku(java.lang.String)&amp#27;[0m

@smoke
Scenario Outline: guest user searches with sku and view results successfully &amp#27;[90m# src/main/resources/features/TS04_searchFeature.feature:25&amp#27;[0m
  &amp#27;[32mGiven &amp#27;[0m&amp#27;[32mguest user clicks on search tab&amp#27;[0m                                      &amp#27;[90m# org.example.stepDefinitions.TC04_searchStepDefinition.guest_user_clicks_on_search()&amp#27;[0m
  &amp#27;[32mWhen &amp#27;[0m&amp#27;[32mguest user enters search sku "&amp#27;[0m&amp#27;[32m&amp#27;[1mSF_PRO_11&amp#27;[0m&amp#27;[32m"&amp#27;[0m                              &amp#27;[90m# org.example.stepDefinitions.TC04_searchStepDefinition.guest_user_enters_search_sku(java.lang.String)&amp#27;[0m
  &amp#27;[32mAnd &amp#27;[0m&amp#27;[32mguest user hits enter to search&amp#27;[0m                                        &amp#27;[90m# org.example.stepDefinitions.TC04_searchStepDefinition.guest_user_hits_enter_to_search()&amp#27;[0m
  &amp#27;[32mThen &amp#27;[0m&amp#27;[32mguest user clicks on item to view details&amp#27;[0m                             &amp#27;[90m# org.example.stepDefinitions.TC04_searchStepDefinition.user_clicks_on_item_view_details()&amp#27;[0m
  &amp#27;[32mAnd &amp#27;[0m&amp#27;[32mproduct sku matches selected "&amp#27;[0m&amp#27;[32m&amp#27;[1mSF_PRO_11&amp#27;[0m&amp#27;[32m"&amp#27;[0m                               &amp#27;[90m# org.example.stepDefinitions.TC04_searchStepDefinition.product_sku_matches_selected_sku(java.lang.String)&amp#27;[0m

@smoke
Scenario: user could hover categories and select sub category &amp#27;[90m# src/main/resources/features/TS05_hoverCategoryFeature.feature:4&amp#27;[0m
  &amp#27;[32mGiven &amp#27;[0m&amp#27;[32muser hovers over category&amp#27;[0m                             &amp#27;[90m# org.example.stepDefinitions.TC05_hoverCategoryStepDefinition.user_hovers_over_category()&amp#27;[0m
  &amp#27;[32mWhen &amp#27;[0m&amp#27;[32muser selects sub category&amp#27;[0m                              &amp#27;[90m# org.example.stepDefinitions.TC05_hoverCategoryStepDefinition.user_selects_sub_category()&amp#27;[0m
  &amp#27;[32mThen &amp#27;[0m&amp#27;[32mpage redirects to sub category products list&amp#27;[0m           &amp#27;[90m# org.example.stepDefinitions.TC05_hoverCategoryStepDefinition.page_redirects_to_subcategory_product_list()&amp#27;[0m

@smoke
Scenario: user clicks on first slider and got redirected to relevant product page &amp#27;[90m# src/main/resources/features/TS06_sliderFeature.feature:4&amp#27;[0m
  &amp#27;[32mWhen &amp#27;[0m&amp#27;[32muser click on first slider&amp#27;[0m                                                 &amp#27;[90m# org.example.stepDefinitions.TC06_homeSliderStepDefinition.user_clicks_on_first_slider()&amp#27;[0m
  &amp#27;[31mThen &amp#27;[0m&amp#27;[31mrelated product page opens for first slider&amp#27;[0m                                &amp#27;[90m# org.example.stepDefinitions.TC06_homeSliderStepDefinition.related_product_page_opens_for_first_slider()&amp#27;[0m
      &amp#27;[31mjava.lang.AssertionError: expected [true] but found [false]
	at org.testng.Assert.fail(Assert.java:110)
	at org.testng.Assert.failNotEquals(Assert.java:1413)
	at org.testng.Assert.assertEqualsImpl(Assert.java:149)
	at org.testng.Assert.assertEquals(Assert.java:131)
	at org.testng.Assert.assertEquals(Assert.java:976)
	at org.testng.Assert.assertEquals(Assert.java:1010)
	at org.example.stepDefinitions.TC06_homeSliderStepDefinition.related_product_page_opens_for_first_slider(TC06_homeSliderStepDefinition.java:24)
	at âœ½.related product page opens for first slider(file:///C:/Users/MohD_/Documents/Udacity/nopCommerceAutomation/src/main/resources/features/TS06_sliderFeature.feature:6)
&amp#27;[0m

@smoke
Scenario: user clicks on second slider and got redirected to relevant product page &amp#27;[90m# src/main/resources/features/TS06_sliderFeature.feature:8&amp#27;[0m
  &amp#27;[32mWhen &amp#27;[0m&amp#27;[32muser clicks on second slider&amp#27;[0m                                                &amp#27;[90m# org.example.stepDefinitions.TC06_homeSliderStepDefinition.user_clicks_on_second_slider()&amp#27;[0m
  &amp#27;[31mThen &amp#27;[0m&amp#27;[31mrelated product page opens for second slider&amp#27;[0m                                &amp#27;[90m# org.example.stepDefinitions.TC06_homeSliderStepDefinition.related_product_page_opens_for_second_slider()&amp#27;[0m
      &amp#27;[31morg.openqa.selenium.TimeoutException: Expected condition failed: waiting for url to contain "https://demo.nopcommerce.com/iphone-6". Current url: "https://demo.nopcommerce.com/" (tried for 5 second(s) with 500 milliseconds interval)
Build info: version: '4.1.4', revision: '535d84]]></system-out>
    <system-err><![CDATA[Starting ChromeDriver 103.0.5060.134 (8ec6fce403b3feb0869b0732eda8bd95011d333c-refs/branch-heads/5060@{#1262}) on port 49507
Only local connections are allowed.
Please see https://chromedriver.chromium.org/security-considerations for suggestions on keeping ChromeDriver safe.
ChromeDriver was started successfully.
Jul 30, 2022 8:43:10 PM org.openqa.selenium.remote.ProtocolHandshake createSession
INFO: Detected dialect: W3C
Jul 30, 2022 8:43:10 PM org.openqa.selenium.devtools.CdpVersionFinder findNearestMatch
WARNING: Unable to find an exact match for CDP version 103, so returning the closest version found: 101
Jul 30, 2022 8:43:10 PM org.openqa.selenium.devtools.CdpVersionFinder findNearestMatch
INFO: Found CDP implementation for version 103 of 101
]]></system-err>
  </testcase>
  <testcase name="runScenario" classname="org.example.runners.TestRunner" time="7.532"/>
  <testcase name="runScenario" classname="org.example.runners.TestRunner" time="7.868"/>
  <testcase name="runScenario" classname="org.example.runners.TestRunner" time="9.283">
    <failure message="Index: 1, Size: 1" type="java.lang.IndexOutOfBoundsException">java.lang.IndexOutOfBoundsException: Index: 1, Size: 1
</failure>
    <system-err><![CDATA[Starting ChromeDriver 103.0.5060.134 (8ec6fce403b3feb0869b0732eda8bd95011d333c-refs/branch-heads/5060@{#1262}) on port 65293
Only local connections are allowed.
Please see https://chromedriver.chromium.org/security-considerations for suggestions on keeping ChromeDriver safe.
ChromeDriver was started successfully.
Jul 30, 2022 8:43:41 PM org.openqa.selenium.remote.ProtocolHandshake createSession
INFO: Detected dialect: W3C
Jul 30, 2022 8:43:41 PM org.openqa.selenium.devtools.CdpVersionFinder findNearestMatch
WARNING: Unable to find an exact match for CDP version 103, so returning the closest version found: 101
Jul 30, 2022 8:43:41 PM org.openqa.selenium.devtools.CdpVersionFinder findNearestMatch
INFO: Found CDP implementation for version 103 of 101
]]></system-err>
  </testcase>
  <testcase name="runScenario" classname="org.example.runners.TestRunner" time="9.891"/>
  <testcase name="runScenario" classname="org.example.runners.TestRunner" time="5.738"/>
  <testcase name="runScenario" classname="org.example.runners.TestRunner" time="5.838"/>
</testsuite>